Flow report for InfraHard
Mon Oct 14 18:24:21 2019
Quartus II 64-Bit Version 9.1 Build 350 03/24/2010 Service Pack 2 SJ Full Version


---------------------
; Table of Contents ;
---------------------
  1. Legal Notice
  2. Flow Summary
  3. Flow Settings
  4. Flow Non-Default Global Settings
  5. Flow Elapsed Time
  6. Flow OS Summary
  7. Flow Log



----------------
; Legal Notice ;
----------------
Copyright (C) 1991-2010 Altera Corporation
Your use of Altera Corporation's design tools, logic functions 
and other software and tools, and its AMPP partner logic 
functions, and any output files from any of the foregoing 
(including device programming or simulation files), and any 
associated documentation or information are expressly subject 
to the terms and conditions of the Altera Program License 
Subscription Agreement, Altera MegaCore Function License 
Agreement, or other applicable license agreement, including, 
without limitation, that your use is for the sole purpose of 
programming logic devices manufactured by Altera and sold by 
Altera or its authorized distributors.  Please refer to the 
applicable agreement for further details.



+-------------------------------------------------------------------------------+
; Flow Summary                                                                  ;
+-------------------------------+-----------------------------------------------+
; Flow Status                   ; Flow Failed - Mon Oct 14 18:24:21 2019        ;
; Quartus II 64-Bit Version     ; 9.1 Build 350 03/24/2010 SP 2 SJ Full Version ;
; Revision Name                 ; InfraHard                                     ;
; Top-level Entity Name         ; InfraHard                                     ;
; Family                        ; Stratix II                                    ;
; Met timing requirements       ; N/A                                           ;
; Logic utilization             ; N/A until Partition Merge                     ;
;     Combinational ALUTs       ; N/A until Partition Merge                     ;
;     Dedicated logic registers ; N/A until Partition Merge                     ;
; Total registers               ; N/A until Partition Merge                     ;
; Total pins                    ; N/A until Partition Merge                     ;
; Total virtual pins            ; N/A until Partition Merge                     ;
; Total block memory bits       ; N/A until Partition Merge                     ;
; DSP block 9-bit elements      ; N/A until Partition Merge                     ;
; Total PLLs                    ; N/A until Partition Merge                     ;
; Total DLLs                    ; N/A until Partition Merge                     ;
+-------------------------------+-----------------------------------------------+


+-----------------------------------------+
; Flow Settings                           ;
+-------------------+---------------------+
; Option            ; Setting             ;
+-------------------+---------------------+
; Start date & time ; 10/14/2019 18:24:20 ;
; Main task         ; Compilation         ;
; Revision Name     ; InfraHard           ;
+-------------------+---------------------+


+--------------------------------------------------------------------------------------------------------------------+
; Flow Non-Default Global Settings                                                                                   ;
+------------------------------------+--------------------------------+---------------+-------------+----------------+
; Assignment Name                    ; Value                          ; Default Value ; Entity Name ; Section Id     ;
+------------------------------------+--------------------------------+---------------+-------------+----------------+
; COMPILER_SIGNATURE_ID              ; 10995770589202.157108825923508 ; --            ; --          ; --             ;
; PARTITION_COLOR                    ; 16764057                       ; --            ; --          ; Top            ;
; PARTITION_NETLIST_TYPE             ; SOURCE                         ; --            ; --          ; Top            ;
; USE_GENERATED_PHYSICAL_CONSTRAINTS ; Off                            ; --            ; --          ; eda_blast_fpga ;
+------------------------------------+--------------------------------+---------------+-------------+----------------+


+--------------------------------------------------------------------------------------------------------------------------+
; Flow Elapsed Time                                                                                                        ;
+----------------------+--------------+-------------------------+---------------------+------------------------------------+
; Module Name          ; Elapsed Time ; Average Processors Used ; Peak Virtual Memory ; Total CPU Time (on all processors) ;
+----------------------+--------------+-------------------------+---------------------+------------------------------------+
; Analysis & Synthesis ; 00:00:02     ; 1.0                     ; 4455 MB             ; 00:00:02                           ;
; Total                ; 00:00:02     ; --                      ; --                  ; 00:00:02                           ;
+----------------------+--------------+-------------------------+---------------------+------------------------------------+


+---------------------------------------------------------------------------------------+
; Flow OS Summary                                                                       ;
+----------------------+------------------+---------------+------------+----------------+
; Module Name          ; Machine Hostname ; OS Name       ; OS Version ; Processor type ;
+----------------------+------------------+---------------+------------+----------------+
; Analysis & Synthesis ; G2C16            ; Windows Vista ; 6.2        ; x86_64         ;
+----------------------+------------------+---------------+------------+----------------+


------------
; Flow Log ;
------------
quartus_map --read_settings_files=on --write_settings_files=off InfraHard -c InfraHard



