Flow report for InfraHard
Fri Oct 18 09:54:29 2019
Quartus II Version 9.1 Build 350 03/24/2010 Service Pack 2 SJ Web Edition


---------------------
; Table of Contents ;
---------------------
  1. Legal Notice
  2. Flow Summary
  3. Flow Settings
  4. Flow Non-Default Global Settings
  5. Flow Elapsed Time
  6. Flow OS Summary
  7. Flow Log



----------------
; Legal Notice ;
----------------
Copyright (C) 1991-2010 Altera Corporation
Your use of Altera Corporation's design tools, logic functions 
and other software and tools, and its AMPP partner logic 
functions, and any output files from any of the foregoing 
(including device programming or simulation files), and any 
associated documentation or information are expressly subject 
to the terms and conditions of the Altera Program License 
Subscription Agreement, Altera MegaCore Function License 
Agreement, or other applicable license agreement, including, 
without limitation, that your use is for the sole purpose of 
programming logic devices manufactured by Altera and sold by 
Altera or its authorized distributors.  Please refer to the 
applicable agreement for further details.



+------------------------------------------------------------------------------+
; Flow Summary                                                                 ;
+-------------------------------+----------------------------------------------+
; Flow Status                   ; Successful - Fri Oct 18 09:54:29 2019        ;
; Quartus II Version            ; 9.1 Build 350 03/24/2010 SP 2 SJ Web Edition ;
; Revision Name                 ; InfraHard                                    ;
; Top-level Entity Name         ; cpu                                          ;
; Family                        ; Stratix II                                   ;
; Met timing requirements       ; No                                           ;
; Logic utilization             ; < 1 %                                        ;
;     Combinational ALUTs       ; 12 / 12,480 ( < 1 % )                        ;
;     Dedicated logic registers ; 5 / 12,480 ( < 1 % )                         ;
; Total registers               ; 5                                            ;
; Total pins                    ; 31 / 343 ( 9 % )                             ;
; Total virtual pins            ; 0                                            ;
; Total block memory bits       ; 0 / 419,328 ( 0 % )                          ;
; DSP block 9-bit elements      ; 0 / 96 ( 0 % )                               ;
; Total PLLs                    ; 0 / 6 ( 0 % )                                ;
; Total DLLs                    ; 0 / 2 ( 0 % )                                ;
; Device                        ; EP2S15F484C3                                 ;
; Timing Models                 ; Final                                        ;
+-------------------------------+----------------------------------------------+


+-----------------------------------------+
; Flow Settings                           ;
+-------------------+---------------------+
; Option            ; Setting             ;
+-------------------+---------------------+
; Start date & time ; 10/18/2019 09:54:05 ;
; Main task         ; Compilation         ;
; Revision Name     ; InfraHard           ;
+-------------------+---------------------+


+---------------------------------------------------------------------------------------------------------------------+
; Flow Non-Default Global Settings                                                                                    ;
+------------------------------------+---------------------------------+---------------+-------------+----------------+
; Assignment Name                    ; Value                           ; Default Value ; Entity Name ; Section Id     ;
+------------------------------------+---------------------------------+---------------+-------------+----------------+
; COMPILER_SIGNATURE_ID              ; 110168738054548.157140324400133 ; --            ; --          ; --             ;
; PARTITION_COLOR                    ; 16764057                        ; --            ; cpu         ; Top            ;
; PARTITION_NETLIST_TYPE             ; SOURCE                          ; --            ; cpu         ; Top            ;
; TOP_LEVEL_ENTITY                   ; cpu                             ; InfraHard     ; --          ; --             ;
; USE_GENERATED_PHYSICAL_CONSTRAINTS ; Off                             ; --            ; --          ; eda_blast_fpga ;
+------------------------------------+---------------------------------+---------------+-------------+----------------+


+-----------------------------------------------------------------------------------------------------------------------------+
; Flow Elapsed Time                                                                                                           ;
+-------------------------+--------------+-------------------------+---------------------+------------------------------------+
; Module Name             ; Elapsed Time ; Average Processors Used ; Peak Virtual Memory ; Total CPU Time (on all processors) ;
+-------------------------+--------------+-------------------------+---------------------+------------------------------------+
; Analysis & Synthesis    ; 00:00:07     ; 1.0                     ; 0 MB                ; 00:00:00                           ;
; Fitter                  ; 00:00:07     ; 1.0                     ; 0 MB                ; 00:00:00                           ;
; Assembler               ; 00:00:02     ; 1.0                     ; 0 MB                ; 00:00:02                           ;
; Classic Timing Analyzer ; 00:00:00     ; 1.0                     ; 0 MB                ; 00:00:00                           ;
; Total                   ; 00:00:16     ; --                      ; --                  ; 00:00:02                           ;
+-------------------------+--------------+-------------------------+---------------------+------------------------------------+


+------------------------------------------------------------------------------------------+
; Flow OS Summary                                                                          ;
+-------------------------+------------------+---------------+------------+----------------+
; Module Name             ; Machine Hostname ; OS Name       ; OS Version ; Processor type ;
+-------------------------+------------------+---------------+------------+----------------+
; Analysis & Synthesis    ; Luke             ; Windows Vista ; 6.1        ; x86_64         ;
; Fitter                  ; Luke             ; Windows Vista ; 6.1        ; x86_64         ;
; Assembler               ; Luke             ; Windows Vista ; 6.1        ; x86_64         ;
; Classic Timing Analyzer ; Luke             ; Windows Vista ; 6.1        ; x86_64         ;
+-------------------------+------------------+---------------+------------+----------------+


------------
; Flow Log ;
------------
quartus_map --read_settings_files=on --write_settings_files=off InfraHard -c InfraHard
quartus_fit --read_settings_files=off --write_settings_files=off InfraHard -c InfraHard
quartus_asm --read_settings_files=off --write_settings_files=off InfraHard -c InfraHard
quartus_tan --read_settings_files=off --write_settings_files=off InfraHard -c InfraHard --timing_analysis_only



